2020-07-20 05:19:42,727 INFO o.a.j.u.JMeterUtils: Setting Locale to en_US
2020-07-20 05:19:42,750 INFO o.a.j.JMeter: Loading user properties from: /home/arash/Desktop/apache-jmeter-5.3/bin/user.properties
2020-07-20 05:19:42,750 INFO o.a.j.JMeter: Loading system properties from: /home/arash/Desktop/apache-jmeter-5.3/bin/system.properties
2020-07-20 05:19:42,751 INFO o.a.j.JMeter: Copyright (c) 1998-2020 The Apache Software Foundation
2020-07-20 05:19:42,751 INFO o.a.j.JMeter: Version 5.3
2020-07-20 05:19:42,752 INFO o.a.j.JMeter: java.version=1.8.0_252
2020-07-20 05:19:42,752 INFO o.a.j.JMeter: java.vm.name=OpenJDK 64-Bit Server VM
2020-07-20 05:19:42,752 INFO o.a.j.JMeter: os.name=Linux
2020-07-20 05:19:42,752 INFO o.a.j.JMeter: os.arch=amd64
2020-07-20 05:19:42,752 INFO o.a.j.JMeter: os.version=5.3.0-62-generic
2020-07-20 05:19:42,752 INFO o.a.j.JMeter: file.encoding=UTF-8
2020-07-20 05:19:42,752 INFO o.a.j.JMeter: java.awt.headless=null
2020-07-20 05:19:42,752 INFO o.a.j.JMeter: Max memory     =3732406272
2020-07-20 05:19:42,753 INFO o.a.j.JMeter: Available Processors =6
2020-07-20 05:19:42,757 INFO o.a.j.JMeter: Default Locale=English (United States)
2020-07-20 05:19:42,758 INFO o.a.j.JMeter: JMeter  Locale=English (United States)
2020-07-20 05:19:42,758 INFO o.a.j.JMeter: JMeterHome=/home/arash/Desktop/apache-jmeter-5.3
2020-07-20 05:19:42,758 INFO o.a.j.JMeter: user.dir  =/home/arash/Desktop/automation-cicd-arashbidarian02
2020-07-20 05:19:42,758 INFO o.a.j.JMeter: PWD       =/home/arash/Desktop/automation-cicd-arashbidarian02
2020-07-20 05:19:42,759 INFO o.a.j.JMeter: IP: 127.0.1.1 Name: arash-VirtualBox FullName: arash-VirtualBox
2020-07-20 05:19:42,878 INFO o.a.j.JMeter: Setting LAF to: com.github.weisj.darklaf.DarkLaf:com.github.weisj.darklaf.theme.DarculaTheme
2020-07-20 05:19:43,071 INFO o.a.j.JMeter: Loaded icon properties from org/apache/jmeter/images/icon.properties
2020-07-20 05:20:35,918 INFO o.a.j.s.FileServer: Default base='/home/arash/Desktop/automation-cicd-arashbidarian02'
2020-07-20 05:20:35,923 INFO o.a.j.g.a.Load: Loading file: /home/arash/Desktop/automation-cicd-arashbidarian02/performance-jmeter-from-chrome-plugin2/performance-tests/login-logout.jmx
2020-07-20 05:20:35,924 INFO o.a.j.s.FileServer: Set new base='/home/arash/Desktop/automation-cicd-arashbidarian02/performance-jmeter-from-chrome-plugin2/performance-tests'
2020-07-20 05:20:36,080 INFO o.a.j.s.SaveService: Testplan (JMX) version: 2.2. Testlog (JTL) version: 2.2
2020-07-20 05:20:36,099 INFO o.a.j.s.SaveService: Using SaveService properties file encoding UTF-8
2020-07-20 05:20:36,102 INFO o.a.j.s.SaveService: Using SaveService properties version 5.0
2020-07-20 05:20:36,106 INFO o.a.j.s.SaveService: Loading file: /home/arash/Desktop/automation-cicd-arashbidarian02/performance-jmeter-from-chrome-plugin2/performance-tests/login-logout.jmx
2020-07-20 05:20:36,272 INFO o.a.j.e.KeyToolUtils: keytool found at 'keytool'
2020-07-20 05:20:36,274 INFO o.a.j.p.h.p.ProxyControl: HTTP(S) Test Script Recorder SSL Proxy will use keys that support embedded 3rd party resources in file /home/arash/Desktop/apache-jmeter-5.3/bin/proxyserver.jks
2020-07-20 05:20:36,292 INFO o.a.j.p.h.c.CookieManager: Settings: Delete null: true Check: true Allow variable: true Save: false Prefix: COOKIE_
2020-07-20 05:20:36,294 INFO o.a.j.p.h.c.CacheManager: Will only cache the following methods: [GET]
2020-07-20 05:20:36,299 INFO o.a.j.p.h.s.HTTPSamplerBase: Parser for text/html is org.apache.jmeter.protocol.http.parser.LagartoBasedHtmlParser
2020-07-20 05:20:36,299 INFO o.a.j.p.h.s.HTTPSamplerBase: Parser for application/xhtml+xml is org.apache.jmeter.protocol.http.parser.LagartoBasedHtmlParser
2020-07-20 05:20:36,300 INFO o.a.j.p.h.s.HTTPSamplerBase: Parser for application/xml is org.apache.jmeter.protocol.http.parser.LagartoBasedHtmlParser
2020-07-20 05:20:36,300 INFO o.a.j.p.h.s.HTTPSamplerBase: Parser for text/xml is org.apache.jmeter.protocol.http.parser.LagartoBasedHtmlParser
2020-07-20 05:20:36,300 INFO o.a.j.p.h.s.HTTPSamplerBase: Parser for text/vnd.wap.wml is org.apache.jmeter.protocol.http.parser.RegexpHTMLParser
2020-07-20 05:20:36,300 INFO o.a.j.p.h.s.HTTPSamplerBase: Parser for text/css is org.apache.jmeter.protocol.http.parser.CssParser
2020-07-20 05:20:36,565 INFO o.a.j.s.SampleResult: Note: Sample TimeStamps are START times
2020-07-20 05:20:36,566 INFO o.a.j.s.SampleResult: sampleresult.default.encoding is set to ISO-8859-1
2020-07-20 05:20:36,566 INFO o.a.j.s.SampleResult: sampleresult.useNanoTime=true
2020-07-20 05:20:36,566 INFO o.a.j.s.SampleResult: sampleresult.nanoThreadSleep=5000
2020-07-20 05:20:36,706 INFO o.a.j.v.ViewResultsFullVisualizer: Add JavaFX to your Java installation if you want to use renderer: org.apache.jmeter.visualizers.RenderInBrowser
2020-07-20 05:20:36,757 INFO o.a.j.s.FileServer: Set new base='/home/arash/Desktop/automation-cicd-arashbidarian02/performance-jmeter-from-chrome-plugin2/performance-tests'
2020-07-20 05:20:47,415 INFO o.a.j.e.StandardJMeterEngine: Running the test!
2020-07-20 05:20:47,416 INFO o.a.j.s.SampleEvent: List of sample_variables: []
2020-07-20 05:20:47,416 INFO o.a.j.s.SampleEvent: List of sample_variables: []
2020-07-20 05:20:47,417 INFO o.a.j.e.u.CompoundVariable: Note: Function class names must contain the string: '.functions.'
2020-07-20 05:20:47,417 INFO o.a.j.e.u.CompoundVariable: Note: Function class names must not contain the string: '.gui.'
2020-07-20 05:20:47,650 INFO o.a.j.g.u.JMeterMenuBar: setRunning(true, *local*)
2020-07-20 05:20:47,797 INFO o.a.j.e.StandardJMeterEngine: Starting ThreadGroup: 1 : Thread Group
2020-07-20 05:20:47,797 INFO o.a.j.e.StandardJMeterEngine: Starting 1 threads for group Thread Group.
2020-07-20 05:20:47,797 INFO o.a.j.e.StandardJMeterEngine: Thread will continue on error
2020-07-20 05:20:47,797 INFO o.a.j.t.ThreadGroup: Starting thread group... number=1 threads=1 ramp-up=1 delayedStart=false
2020-07-20 05:20:47,803 INFO o.a.j.t.ThreadGroup: Started thread group number 1
2020-07-20 05:20:47,803 INFO o.a.j.e.StandardJMeterEngine: All thread groups have been started
2020-07-20 05:20:47,814 INFO o.a.j.t.JMeterThread: Thread started: Thread Group 1-1
2020-07-20 05:20:47,827 INFO o.a.j.p.h.s.HTTPHCAbstractImpl: Local host = arash-VirtualBox
2020-07-20 05:20:47,833 INFO o.a.j.p.h.s.HTTPHC4Impl: HTTP request retry count = 0
2020-07-20 05:20:48,478 INFO o.a.j.t.JMeterThread: Thread is done: Thread Group 1-1
2020-07-20 05:20:48,478 INFO o.a.j.t.JMeterThread: Thread finished: Thread Group 1-1
2020-07-20 05:20:48,480 INFO o.a.j.e.StandardJMeterEngine: Notifying test listeners of end of test
2020-07-20 05:20:48,480 INFO o.a.j.g.u.JMeterMenuBar: setRunning(false, *local*)
